"2019-04-12 01:24:32.32 [main] INFO  com.example.IDM.IdmApplicationTests - Starting IdmApplicationTests on f45c89bf7c33.ant.amazon.com with PID 83399 (started by kuprk in /Users/kuprk/workspace/Interview/IDM)
""2019-04-12 01:24:32.32 [main] DEBUG com.example.IDM.IdmApplicationTests - Running with Spring Boot v2.1.4.RELEASE, Spring v5.1.6.RELEASE
""2019-04-12 01:24:32.32 [main] INFO  com.example.IDM.IdmApplicationTests - No active profile set, falling back to default profiles: default
""2019-04-12 01:24:36.36 [main] INFO  o.s.b.a.e.web.EndpointLinksResolver - Exposing 2 endpoint(s) beneath base path '/actuator'
""2019-04-12 01:24:36.36 [main] INFO  com.example.IDM.IdmApplicationTests - Started IdmApplicationTests in 5.105 seconds (JVM running for 10.107)
""2019-04-12 01:24:36.36 [main] INFO  com.example.IDM.Runner - Elapsed time: 0
""2019-04-12 01:25:11.11 [main] INFO  com.example.IDM.IdmApplicationTests - Starting IdmApplicationTests on f45c89bf7c33.ant.amazon.com with PID 83508 (started by kuprk in /Users/kuprk/workspace/Interview/IDM)
""2019-04-12 01:25:11.11 [main] DEBUG com.example.IDM.IdmApplicationTests - Running with Spring Boot v2.1.4.RELEASE, Spring v5.1.6.RELEASE
""2019-04-12 01:25:11.11 [main] INFO  com.example.IDM.IdmApplicationTests - No active profile set, falling back to default profiles: default
""2019-04-12 01:25:15.15 [main] INFO  o.s.b.a.e.web.EndpointLinksResolver - Exposing 2 endpoint(s) beneath base path '/actuator'
""2019-04-12 01:25:15.15 [main] INFO  com.example.IDM.IdmApplicationTests - Started IdmApplicationTests in 5.213 seconds (JVM running for 8.223)
""2019-04-12 01:25:15.15 [main] INFO  com.example.IDM.Runner - Elapsed time: 0
""2019-04-12 02:17:15.15 [main] INFO  com.example.IDM.IdmApplicationTests - Starting IdmApplicationTests on f45c89bf7c33.ant.amazon.com with PID 90896 (started by kuprk in /Users/kuprk/workspace/Interview/IDM)
""2019-04-12 02:17:15.15 [main] DEBUG com.example.IDM.IdmApplicationTests - Running with Spring Boot v2.1.4.RELEASE, Spring v5.1.6.RELEASE
""2019-04-12 02:17:15.15 [main] INFO  com.example.IDM.IdmApplicationTests - No active profile set, falling back to default profiles: default
""2019-04-12 02:17:21.21 [main] INFO  o.s.b.a.e.web.EndpointLinksResolver - Exposing 2 endpoint(s) beneath base path '/actuator'
""2019-04-12 02:17:21.21 [main] INFO  com.example.IDM.IdmApplicationTests - Started IdmApplicationTests in 6.77 seconds (JVM running for 11.629)
""2019-04-12 02:17:21.21 [main] INFO  com.example.IDM.Runner - Elapsed time: 0
""2019-04-12 02:18:35.35 [main] INFO  com.example.IDM.IdmApplicationTests - Starting IdmApplicationTests on f45c89bf7c33.ant.amazon.com with PID 91024 (started by kuprk in /Users/kuprk/workspace/Interview/IDM)
""2019-04-12 02:18:35.35 [main] DEBUG com.example.IDM.IdmApplicationTests - Running with Spring Boot v2.1.4.RELEASE, Spring v5.1.6.RELEASE
""2019-04-12 02:18:35.35 [main] INFO  com.example.IDM.IdmApplicationTests - No active profile set, falling back to default profiles: default
""2019-04-12 02:18:41.41 [main] INFO  o.s.b.a.e.web.EndpointLinksResolver - Exposing 2 endpoint(s) beneath base path '/actuator'
""2019-04-12 02:18:42.42 [main] INFO  com.example.IDM.IdmApplicationTests - Started IdmApplicationTests in 7.552 seconds (JVM running for 10.746)
""2019-04-12 02:18:42.42 [main] INFO  com.example.IDM.Runner - Elapsed time: 0
""2019-04-12 04:22:48.48 [main] INFO  com.example.IDM.IdmApplicationTests - Starting IdmApplicationTests on f45c89bf7c33.ant.amazon.com with PID 8872 (started by kuprk in /Users/kuprk/workspace/Interview/IDM)
""2019-04-12 04:22:48.48 [main] DEBUG com.example.IDM.IdmApplicationTests - Running with Spring Boot v2.1.4.RELEASE, Spring v5.1.6.RELEASE
""2019-04-12 04:22:48.48 [main] INFO  com.example.IDM.IdmApplicationTests - No active profile set, falling back to default profiles: default
""2019-04-12 04:22:57.57 [main] INFO  o.s.b.a.e.web.EndpointLinksResolver - Exposing 2 endpoint(s) beneath base path '/actuator'
""2019-04-12 04:22:57.57 [main] INFO  com.example.IDM.IdmApplicationTests - Started IdmApplicationTests in 10.291 seconds (JVM running for 14.786)
""2019-04-12 04:22:57.57 [main] INFO  com.example.IDM.Runner - Elapsed time: 0
""2019-04-12 09:56:05.5 [main] INFO  com.example.IDM.IdmApplicationTests - Starting IdmApplicationTests on f45c89bf7c33.ant.amazon.com with PID 22470 (started by kuprk in /Users/kuprk/workspace/Interview/IDM)
""2019-04-12 09:56:05.5 [main] DEBUG com.example.IDM.IdmApplicationTests - Running with Spring Boot v2.1.4.RELEASE, Spring v5.1.6.RELEASE
""2019-04-12 09:56:05.5 [main] INFO  com.example.IDM.IdmApplicationTests - No active profile set, falling back to default profiles: default
""2019-04-12 09:56:09.9 [main] INFO  o.s.b.a.l.ConditionEvaluationReportLoggingListener - 

Error starting ApplicationContext. To display the conditions report re-run your application with 'debug' enabled.
""2019-04-12 09:56:09.9 [main] ERROR o.s.boot.SpringApplication - Application run failed
"org.springframework.beans.factory.BeanCreationException: Error creating bean with name 'requestMappingHandlerMapping' defined in class path resource [org/springframework/boot/autoconfigure/web/servlet/WebMvcAutoConfiguration$EnableWebMvcConfiguration.class]: Invocation of init method failed; nested exception is java.lang.IllegalStateException: Ambiguous mapping. Cannot map 'basicErrorController' method 
public org.springframework.http.ResponseEntity<java.util.Map<java.lang.String, java.lang.Object>> org.springframework.boot.autoconfigure.web.servlet.error.BasicErrorController.error(javax.servlet.http.HttpServletRequest)
to { /error}: There is already 'downloadRequestHandlingController' bean method
public java.lang.String com.example.IDM.activity.DownloadRequestHandlingController.download() mapped.
	at org.springframework.beans.factory.support.AbstractAutowireCapableBeanFactory.initializeBean(AbstractAutowireCapableBeanFactory.java:1778)
	at org.springframework.beans.factory.support.AbstractAutowireCapableBeanFactory.doCreateBean(AbstractAutowireCapableBeanFactory.java:593)
	at org.springframework.beans.factory.support.AbstractAutowireCapableBeanFactory.createBean(AbstractAutowireCapableBeanFactory.java:515)
	at org.springframework.beans.factory.support.AbstractBeanFactory.lambda$doGetBean$0(AbstractBeanFactory.java:320)
	at org.springframework.beans.factory.support.DefaultSingletonBeanRegistry.getSingleton(DefaultSingletonBeanRegistry.java:222)
	at org.springframework.beans.factory.support.AbstractBeanFactory.doGetBean(AbstractBeanFactory.java:318)
	at org.springframework.beans.factory.support.AbstractBeanFactory.getBean(AbstractBeanFactory.java:199)
	at org.springframework.beans.factory.support.DefaultListableBeanFactory.preInstantiateSingletons(DefaultListableBeanFactory.java:849)
	at org.springframework.context.support.AbstractApplicationContext.finishBeanFactoryInitialization(AbstractApplicationContext.java:877)
	at org.springframework.context.support.AbstractApplicationContext.refresh(AbstractApplicationContext.java:549)
	at org.springframework.boot.SpringApplication.refresh(SpringApplication.java:775)
	at org.springframework.boot.SpringApplication.refreshContext(SpringApplication.java:397)
	at org.springframework.boot.SpringApplication.run(SpringApplication.java:316)
	at org.springframework.boot.test.context.SpringBootContextLoader.loadContext(SpringBootContextLoader.java:127)
	at org.springframework.test.context.cache.DefaultCacheAwareContextLoaderDelegate.loadContextInternal(DefaultCacheAwareContextLoaderDelegate.java:99)
	at org.springframework.test.context.cache.DefaultCacheAwareContextLoaderDelegate.loadContext(DefaultCacheAwareContextLoaderDelegate.java:117)
	at org.springframework.test.context.support.DefaultTestContext.getApplicationContext(DefaultTestContext.java:108)
	at org.springframework.test.context.web.ServletTestExecutionListener.setUpRequestContextIfNecessary(ServletTestExecutionListener.java:190)
	at org.springframework.test.context.web.ServletTestExecutionListener.prepareTestInstance(ServletTestExecutionListener.java:132)
	at org.springframework.test.context.TestContextManager.prepareTestInstance(TestContextManager.java:246)
	at org.springframework.test.context.junit4.SpringJUnit4ClassRunner.createTest(SpringJUnit4ClassRunner.java:227)
	at org.springframework.test.context.junit4.SpringJUnit4ClassRunner$1.runReflectiveCall(SpringJUnit4ClassRunner.java:289)
	at org.junit.internal.runners.model.ReflectiveCallable.run(ReflectiveCallable.java:12)
	at org.springframework.test.context.junit4.SpringJUnit4ClassRunner.methodBlock(SpringJUnit4ClassRunner.java:291)
	at org.springframework.test.context.junit4.SpringJUnit4ClassRunner.runChild(SpringJUnit4ClassRunner.java:246)
	at org.springframework.test.context.junit4.SpringJUnit4ClassRunner.runChild(SpringJUnit4ClassRunner.java:97)
	at org.junit.runners.ParentRunner$3.run(ParentRunner.java:290)
	at org.junit.runners.ParentRunner$1.schedule(ParentRunner.java:71)
	at org.junit.runners.ParentRunner.runChildren(ParentRunner.java:288)
	at org.junit.runners.ParentRunner.access$000(ParentRunner.java:58)
	at org.junit.runners.ParentRunner$2.evaluate(ParentRunner.java:268)
	at org.springframework.test.context.junit4.statements.RunBeforeTestClassCallbacks.evaluate(RunBeforeTestClassCallbacks.java:61)
	at org.springframework.test.context.junit4.statements.RunAfterTestClassCallbacks.evaluate(RunAfterTestClassCallbacks.java:70)
	at org.junit.runners.ParentRunner.run(ParentRunner.java:363)
	at org.springframework.test.context.junit4.SpringJUnit4ClassRunner.run(SpringJUnit4ClassRunner.java:190)
	at org.apache.maven.surefire.junit4.JUnit4Provider.execute(JUnit4Provider.java:365)
	at org.apache.maven.surefire.junit4.JUnit4Provider.executeWithRerun(JUnit4Provider.java:273)
	at org.apache.maven.surefire.junit4.JUnit4Provider.executeTestSet(JUnit4Provider.java:238)
	at org.apache.maven.surefire.junit4.JUnit4Provider.invoke(JUnit4Provider.java:159)
	at org.apache.maven.surefire.booter.ForkedBooter.invokeProviderInSameClassLoader(ForkedBooter.java:384)
	at org.apache.maven.surefire.booter.ForkedBooter.runSuitesInProcess(ForkedBooter.java:345)
	at org.apache.maven.surefire.booter.ForkedBooter.execute(ForkedBooter.java:126)
	at org.apache.maven.surefire.booter.ForkedBooter.main(ForkedBooter.java:418)
Caused by: java.lang.IllegalStateException: Ambiguous mapping. Cannot map 'basicErrorController' method 
public org.springframework.http.ResponseEntity<java.util.Map<java.lang.String, java.lang.Object>> org.springframework.boot.autoconfigure.web.servlet.error.BasicErrorController.error(javax.servlet.http.HttpServletRequest)
to { /error}: There is already 'downloadRequestHandlingController' bean method
public java.lang.String com.example.IDM.activity.DownloadRequestHandlingController.download() mapped.
	at org.springframework.web.servlet.handler.AbstractHandlerMethodMapping$MappingRegistry.assertUniqueMethodMapping(AbstractHandlerMethodMapping.java:618)
	at org.springframework.web.servlet.handler.AbstractHandlerMethodMapping$MappingRegistry.register(AbstractHandlerMethodMapping.java:586)
	at org.springframework.web.servlet.handler.AbstractHandlerMethodMapping.registerHandlerMethod(AbstractHandlerMethodMapping.java:312)
	at org.springframework.web.servlet.handler.AbstractHandlerMethodMapping.lambda$detectHandlerMethods$1(AbstractHandlerMethodMapping.java:282)
	at java.util.LinkedHashMap.forEach(LinkedHashMap.java:684)
	at org.springframework.web.servlet.handler.AbstractHandlerMethodMapping.detectHandlerMethods(AbstractHandlerMethodMapping.java:280)
	at org.springframework.web.servlet.handler.AbstractHandlerMethodMapping.processCandidateBean(AbstractHandlerMethodMapping.java:252)
	at org.springframework.web.servlet.handler.AbstractHandlerMethodMapping.initHandlerMethods(AbstractHandlerMethodMapping.java:211)
	at org.springframework.web.servlet.handler.AbstractHandlerMethodMapping.afterPropertiesSet(AbstractHandlerMethodMapping.java:199)
	at org.springframework.web.servlet.mvc.method.annotation.RequestMappingHandlerMapping.afterPropertiesSet(RequestMappingHandlerMapping.java:164)
	at org.springframework.beans.factory.support.AbstractAutowireCapableBeanFactory.invokeInitMethods(AbstractAutowireCapableBeanFactory.java:1837)
	at org.springframework.beans.factory.support.AbstractAutowireCapableBeanFactory.initializeBean(AbstractAutowireCapableBeanFactory.java:1774)
	... 42 common frames omitted
"2019-04-12 09:56:09.9 [main] ERROR o.s.test.context.TestContextManager - Caught exception while allowing TestExecutionListener [org.springframework.test.context.web.ServletTestExecutionListener@5778826f] to prepare test instance [com.example.IDM.IdmApplicationTests@309dcdf3]
"java.lang.IllegalStateException: Failed to load ApplicationContext
	at org.springframework.test.context.cache.DefaultCacheAwareContextLoaderDelegate.loadContext(DefaultCacheAwareContextLoaderDelegate.java:125)
	at org.springframework.test.context.support.DefaultTestContext.getApplicationContext(DefaultTestContext.java:108)
	at org.springframework.test.context.web.ServletTestExecutionListener.setUpRequestContextIfNecessary(ServletTestExecutionListener.java:190)
	at org.springframework.test.context.web.ServletTestExecutionListener.prepareTestInstance(ServletTestExecutionListener.java:132)
	at org.springframework.test.context.TestContextManager.prepareTestInstance(TestContextManager.java:246)
	at org.springframework.test.context.junit4.SpringJUnit4ClassRunner.createTest(SpringJUnit4ClassRunner.java:227)
	at org.springframework.test.context.junit4.SpringJUnit4ClassRunner$1.runReflectiveCall(SpringJUnit4ClassRunner.java:289)
	at org.junit.internal.runners.model.ReflectiveCallable.run(ReflectiveCallable.java:12)
	at org.springframework.test.context.junit4.SpringJUnit4ClassRunner.methodBlock(SpringJUnit4ClassRunner.java:291)
	at org.springframework.test.context.junit4.SpringJUnit4ClassRunner.runChild(SpringJUnit4ClassRunner.java:246)
	at org.springframework.test.context.junit4.SpringJUnit4ClassRunner.runChild(SpringJUnit4ClassRunner.java:97)
	at org.junit.runners.ParentRunner$3.run(ParentRunner.java:290)
	at org.junit.runners.ParentRunner$1.schedule(ParentRunner.java:71)
	at org.junit.runners.ParentRunner.runChildren(ParentRunner.java:288)
	at org.junit.runners.ParentRunner.access$000(ParentRunner.java:58)
	at org.junit.runners.ParentRunner$2.evaluate(ParentRunner.java:268)
	at org.springframework.test.context.junit4.statements.RunBeforeTestClassCallbacks.evaluate(RunBeforeTestClassCallbacks.java:61)
	at org.springframework.test.context.junit4.statements.RunAfterTestClassCallbacks.evaluate(RunAfterTestClassCallbacks.java:70)
	at org.junit.runners.ParentRunner.run(ParentRunner.java:363)
	at org.springframework.test.context.junit4.SpringJUnit4ClassRunner.run(SpringJUnit4ClassRunner.java:190)
	at org.apache.maven.surefire.junit4.JUnit4Provider.execute(JUnit4Provider.java:365)
	at org.apache.maven.surefire.junit4.JUnit4Provider.executeWithRerun(JUnit4Provider.java:273)
	at org.apache.maven.surefire.junit4.JUnit4Provider.executeTestSet(JUnit4Provider.java:238)
	at org.apache.maven.surefire.junit4.JUnit4Provider.invoke(JUnit4Provider.java:159)
	at org.apache.maven.surefire.booter.ForkedBooter.invokeProviderInSameClassLoader(ForkedBooter.java:384)
	at org.apache.maven.surefire.booter.ForkedBooter.runSuitesInProcess(ForkedBooter.java:345)
	at org.apache.maven.surefire.booter.ForkedBooter.execute(ForkedBooter.java:126)
	at org.apache.maven.surefire.booter.ForkedBooter.main(ForkedBooter.java:418)
Caused by: org.springframework.beans.factory.BeanCreationException: Error creating bean with name 'requestMappingHandlerMapping' defined in class path resource [org/springframework/boot/autoconfigure/web/servlet/WebMvcAutoConfiguration$EnableWebMvcConfiguration.class]: Invocation of init method failed; nested exception is java.lang.IllegalStateException: Ambiguous mapping. Cannot map 'basicErrorController' method 
public org.springframework.http.ResponseEntity<java.util.Map<java.lang.String, java.lang.Object>> org.springframework.boot.autoconfigure.web.servlet.error.BasicErrorController.error(javax.servlet.http.HttpServletRequest)
to { /error}: There is already 'downloadRequestHandlingController' bean method
public java.lang.String com.example.IDM.activity.DownloadRequestHandlingController.download() mapped.
	at org.springframework.beans.factory.support.AbstractAutowireCapableBeanFactory.initializeBean(AbstractAutowireCapableBeanFactory.java:1778)
	at org.springframework.beans.factory.support.AbstractAutowireCapableBeanFactory.doCreateBean(AbstractAutowireCapableBeanFactory.java:593)
	at org.springframework.beans.factory.support.AbstractAutowireCapableBeanFactory.createBean(AbstractAutowireCapableBeanFactory.java:515)
	at org.springframework.beans.factory.support.AbstractBeanFactory.lambda$doGetBean$0(AbstractBeanFactory.java:320)
	at org.springframework.beans.factory.support.DefaultSingletonBeanRegistry.getSingleton(DefaultSingletonBeanRegistry.java:222)
	at org.springframework.beans.factory.support.AbstractBeanFactory.doGetBean(AbstractBeanFactory.java:318)
	at org.springframework.beans.factory.support.AbstractBeanFactory.getBean(AbstractBeanFactory.java:199)
	at org.springframework.beans.factory.support.DefaultListableBeanFactory.preInstantiateSingletons(DefaultListableBeanFactory.java:849)
	at org.springframework.context.support.AbstractApplicationContext.finishBeanFactoryInitialization(AbstractApplicationContext.java:877)
	at org.springframework.context.support.AbstractApplicationContext.refresh(AbstractApplicationContext.java:549)
	at org.springframework.boot.SpringApplication.refresh(SpringApplication.java:775)
	at org.springframework.boot.SpringApplication.refreshContext(SpringApplication.java:397)
	at org.springframework.boot.SpringApplication.run(SpringApplication.java:316)
	at org.springframework.boot.test.context.SpringBootContextLoader.loadContext(SpringBootContextLoader.java:127)
	at org.springframework.test.context.cache.DefaultCacheAwareContextLoaderDelegate.loadContextInternal(DefaultCacheAwareContextLoaderDelegate.java:99)
	at org.springframework.test.context.cache.DefaultCacheAwareContextLoaderDelegate.loadContext(DefaultCacheAwareContextLoaderDelegate.java:117)
	... 27 common frames omitted
Caused by: java.lang.IllegalStateException: Ambiguous mapping. Cannot map 'basicErrorController' method 
public org.springframework.http.ResponseEntity<java.util.Map<java.lang.String, java.lang.Object>> org.springframework.boot.autoconfigure.web.servlet.error.BasicErrorController.error(javax.servlet.http.HttpServletRequest)
to { /error}: There is already 'downloadRequestHandlingController' bean method
public java.lang.String com.example.IDM.activity.DownloadRequestHandlingController.download() mapped.
	at org.springframework.web.servlet.handler.AbstractHandlerMethodMapping$MappingRegistry.assertUniqueMethodMapping(AbstractHandlerMethodMapping.java:618)
	at org.springframework.web.servlet.handler.AbstractHandlerMethodMapping$MappingRegistry.register(AbstractHandlerMethodMapping.java:586)
	at org.springframework.web.servlet.handler.AbstractHandlerMethodMapping.registerHandlerMethod(AbstractHandlerMethodMapping.java:312)
	at org.springframework.web.servlet.handler.AbstractHandlerMethodMapping.lambda$detectHandlerMethods$1(AbstractHandlerMethodMapping.java:282)
	at java.util.LinkedHashMap.forEach(LinkedHashMap.java:684)
	at org.springframework.web.servlet.handler.AbstractHandlerMethodMapping.detectHandlerMethods(AbstractHandlerMethodMapping.java:280)
	at org.springframework.web.servlet.handler.AbstractHandlerMethodMapping.processCandidateBean(AbstractHandlerMethodMapping.java:252)
	at org.springframework.web.servlet.handler.AbstractHandlerMethodMapping.initHandlerMethods(AbstractHandlerMethodMapping.java:211)
	at org.springframework.web.servlet.handler.AbstractHandlerMethodMapping.afterPropertiesSet(AbstractHandlerMethodMapping.java:199)
	at org.springframework.web.servlet.mvc.method.annotation.RequestMappingHandlerMapping.afterPropertiesSet(RequestMappingHandlerMapping.java:164)
	at org.springframework.beans.factory.support.AbstractAutowireCapableBeanFactory.invokeInitMethods(AbstractAutowireCapableBeanFactory.java:1837)
	at org.springframework.beans.factory.support.AbstractAutowireCapableBeanFactory.initializeBean(AbstractAutowireCapableBeanFactory.java:1774)
	... 42 common frames omitted
"2019-04-12 09:59:51.51 [main] INFO  com.example.IDM.IdmApplicationTests - Starting IdmApplicationTests on f45c89bf7c33.ant.amazon.com with PID 22812 (started by kuprk in /Users/kuprk/workspace/Interview/IDM)
""2019-04-12 09:59:51.51 [main] DEBUG com.example.IDM.IdmApplicationTests - Running with Spring Boot v2.1.4.RELEASE, Spring v5.1.6.RELEASE
""2019-04-12 09:59:51.51 [main] INFO  com.example.IDM.IdmApplicationTests - No active profile set, falling back to default profiles: default
""2019-04-12 09:59:56.56 [main] INFO  o.s.b.a.e.web.EndpointLinksResolver - Exposing 2 endpoint(s) beneath base path '/actuator'
""2019-04-12 09:59:56.56 [main] INFO  com.example.IDM.IdmApplicationTests - Started IdmApplicationTests in 5.668 seconds (JVM running for 8.585)
""2019-04-12 09:59:56.56 [main] INFO  com.example.IDM.activity.Runner - Elapsed time: 0
""2019-04-12 10:13:24.24 [main] INFO  com.example.IDM.IdmApplicationTests - Starting IdmApplicationTests on f45c89bf7c33.ant.amazon.com with PID 25667 (started by kuprk in /Users/kuprk/workspace/Interview/IDM)
""2019-04-12 10:13:24.24 [main] DEBUG com.example.IDM.IdmApplicationTests - Running with Spring Boot v2.1.4.RELEASE, Spring v5.1.6.RELEASE
""2019-04-12 10:13:24.24 [main] INFO  com.example.IDM.IdmApplicationTests - No active profile set, falling back to default profiles: default
""2019-04-12 10:13:28.28 [main] INFO  o.s.b.a.e.web.EndpointLinksResolver - Exposing 2 endpoint(s) beneath base path '/actuator'
""2019-04-12 10:13:28.28 [main] INFO  com.example.IDM.IdmApplicationTests - Started IdmApplicationTests in 5.062 seconds (JVM running for 9.296)
""2019-04-12 10:13:28.28 [main] INFO  com.example.IDM.activity.Runner - Elapsed time: 0
"